# JRE version: OpenJDK Runtime Environment (11.0.9.1+1) (build 11.0.9.1+1-Ubuntu-0ubuntu1.18.04)
# Java VM: OpenJDK 64-Bit Server VM (11.0.9.1+1-Ubuntu-0ubuntu1.18.04, mixed mode, sharing, tiered, compressed oops, g1 gc, linux-amd64)
Heap:
 garbage-first heap   total 51200K, used 23673K [0x0000000716000000, 0x0000000800000000)
  region size 1024K, 14 young (14336K), 2 survivors (2048K)
 Metaspace       used 30160K, capacity 31271K, committed 31536K, reserved 1077248K
  class space    used 3648K, capacity 4130K, committed 4224K, reserved 1048576K
GC Heap History (8 events):
Event: 0.599 GC heap before
{Heap before GC invocations=0 (full 0):
 garbage-first heap   total 241664K, used 24264K [0x0000000716000000, 0x0000000800000000)
  region size 1024K, 24 young (24576K), 0 survivors (0K)
 Metaspace       used 4635K, capacity 6761K, committed 6912K, reserved 1056768K
  class space    used 535K, capacity 751K, committed 768K, reserved 1048576K
}
Event: 0.613 GC heap after
{Heap after GC invocations=1 (full 0):
 garbage-first heap   total 241664K, used 4596K [0x0000000716000000, 0x0000000800000000)
  region size 1024K, 3 young (3072K), 3 survivors (3072K)
 Metaspace       used 4635K, capacity 6761K, committed 6912K, reserved 1056768K
  class space    used 535K, capacity 751K, committed 768K, reserved 1048576K
}
Event: 2.266 GC heap before
{Heap before GC invocations=1 (full 0):
 garbage-first heap   total 241664K, used 96756K [0x0000000716000000, 0x0000000800000000)
  region size 1024K, 94 young (96256K), 3 survivors (3072K)
 Metaspace       used 20425K, capacity 21266K, committed 21296K, reserved 1067008K
  class space    used 2578K, capacity 2921K, committed 2944K, reserved 1048576K
}
Event: 2.287 GC heap after
{Heap after GC invocations=2 (full 0):
 garbage-first heap   total 241664K, used 9244K [0x0000000716000000, 0x0000000800000000)
  region size 1024K, 8 young (8192K), 8 survivors (8192K)
 Metaspace       used 20425K, capacity 21266K, committed 21296K, reserved 1067008K
  class space    used 2578K, capacity 2921K, committed 2944K, reserved 1048576K
}
Event: 169.637 GC heap before
{Heap before GC invocations=3 (full 0):
 garbage-first heap   total 241664K, used 64540K [0x0000000716000000, 0x0000000800000000)
  region size 1024K, 64 young (65536K), 8 survivors (8192K)
 Metaspace       used 29785K, capacity 30927K, committed 31280K, reserved 1077248K
  class space    used 3638K, capacity 4114K, committed 4224K, reserved 1048576K
}
Event: 169.672 GC heap after
{Heap after GC invocations=4 (full 1):
 garbage-first heap   total 51200K, used 11385K [0x0000000716000000, 0x0000000800000000)
  region size 1024K, 0 young (0K), 0 survivors (0K)
 Metaspace       used 29785K, capacity 30927K, committed 31280K, reserved 1077248K
  class space    used 3638K, capacity 4114K, committed 4224K, reserved 1048576K
}
Event: 169.920 GC heap before
{Heap before GC invocations=4 (full 1):
 garbage-first heap   total 51200K, used 32889K [0x0000000716000000, 0x0000000800000000)
  region size 1024K, 21 young (21504K), 0 survivors (0K)
 Metaspace       used 30017K, capacity 31168K, committed 31536K, reserved 1077248K
  class space    used 3644K, capacity 4123K, committed 4224K, reserved 1048576K
}
Event: 169.923 GC heap after
{Heap after GC invocations=5 (full 1):
 garbage-first heap   total 51200K, used 13433K [0x0000000716000000, 0x0000000800000000)
  region size 1024K, 2 young (2048K), 2 survivors (2048K)
 Metaspace       used 30017K, capacity 31168K, committed 31536K, reserved 1077248K
  class space    used 3644K, capacity 4123K, committed 4224K, reserved 1048576K
}

