# JRE version: OpenJDK Runtime Environment (11.0.9.1+1) (build 11.0.9.1+1-Ubuntu-0ubuntu1.18.04)
# Java VM: OpenJDK 64-Bit Server VM (11.0.9.1+1-Ubuntu-0ubuntu1.18.04, mixed mode, sharing, tiered, compressed oops, g1 gc, linux-amd64)
Heap:
 garbage-first heap   total 48128K, used 24651K [0x0000000716000000, 0x0000000800000000)
  region size 1024K, 15 young (15360K), 2 survivors (2048K)
 Metaspace       used 30282K, capacity 31406K, committed 31536K, reserved 1077248K
  class space    used 3652K, capacity 4131K, committed 4224K, reserved 1048576K
GC Heap History (8 events):
Event: 0.624 GC heap before
{Heap before GC invocations=0 (full 0):
 garbage-first heap   total 241664K, used 24264K [0x0000000716000000, 0x0000000800000000)
  region size 1024K, 24 young (24576K), 0 survivors (0K)
 Metaspace       used 4634K, capacity 6761K, committed 6912K, reserved 1056768K
  class space    used 535K, capacity 751K, committed 768K, reserved 1048576K
}
Event: 0.634 GC heap after
{Heap after GC invocations=1 (full 0):
 garbage-first heap   total 241664K, used 4578K [0x0000000716000000, 0x0000000800000000)
  region size 1024K, 3 young (3072K), 3 survivors (3072K)
 Metaspace       used 4634K, capacity 6761K, committed 6912K, reserved 1056768K
  class space    used 535K, capacity 751K, committed 768K, reserved 1048576K
}
Event: 2.222 GC heap before
{Heap before GC invocations=1 (full 0):
 garbage-first heap   total 241664K, used 95714K [0x0000000716000000, 0x0000000800000000)
  region size 1024K, 93 young (95232K), 3 survivors (3072K)
 Metaspace       used 20426K, capacity 21271K, committed 21296K, reserved 1067008K
  class space    used 2581K, capacity 2922K, committed 2944K, reserved 1048576K
}
Event: 2.236 GC heap after
{Heap after GC invocations=2 (full 0):
 garbage-first heap   total 241664K, used 9294K [0x0000000716000000, 0x0000000800000000)
  region size 1024K, 8 young (8192K), 8 survivors (8192K)
 Metaspace       used 20426K, capacity 21271K, committed 21296K, reserved 1067008K
  class space    used 2581K, capacity 2922K, committed 2944K, reserved 1048576K
}
Event: 619.155 GC heap before
{Heap before GC invocations=3 (full 0):
 garbage-first heap   total 241664K, used 69710K [0x0000000716000000, 0x0000000800000000)
  region size 1024K, 68 young (69632K), 8 survivors (8192K)
 Metaspace       used 29901K, capacity 31061K, committed 31280K, reserved 1077248K
  class space    used 3642K, capacity 4115K, committed 4224K, reserved 1048576K
}
Event: 619.186 GC heap after
{Heap after GC invocations=4 (full 1):
 garbage-first heap   total 48128K, used 11401K [0x0000000716000000, 0x0000000800000000)
  region size 1024K, 0 young (0K), 0 survivors (0K)
 Metaspace       used 29901K, capacity 31061K, committed 31280K, reserved 1077248K
  class space    used 3642K, capacity 4115K, committed 4224K, reserved 1048576K
}
Event: 619.467 GC heap before
{Heap before GC invocations=4 (full 1):
 garbage-first heap   total 48128K, used 31881K [0x0000000716000000, 0x0000000800000000)
  region size 1024K, 20 young (20480K), 0 survivors (0K)
 Metaspace       used 30125K, capacity 31236K, committed 31536K, reserved 1077248K
  class space    used 3648K, capacity 4124K, committed 4224K, reserved 1048576K
}
Event: 619.469 GC heap after
{Heap after GC invocations=5 (full 1):
 garbage-first heap   total 48128K, used 13387K [0x0000000716000000, 0x0000000800000000)
  region size 1024K, 2 young (2048K), 2 survivors (2048K)
 Metaspace       used 30125K, capacity 31236K, committed 31536K, reserved 1077248K
  class space    used 3648K, capacity 4124K, committed 4224K, reserved 1048576K
}

